<?xml version="1.0" encoding="UTF-8"?>
<!-- Generated by org.testng.reporters.JUnitReportReporter -->
<testsuite skipped="0" hostname="LIN80016387" name="myTestNGpack.TestNGTest2" tests="3" failures="0" timestamp="25 Feb 2019 06:51:29 GMT" time="8.061" errors="0">
  <testcase name="Launch" time="5.637" classname="myTestNGpack.TestNGTest2"/>
  <testcase name="validate" time="0.040" classname="myTestNGpack.TestNGTest2"/>
  <testcase name="closesite" time="2.384" classname="myTestNGpack.TestNGTest2"/>
</testsuite> <!-- myTestNGpack.TestNGTest2 -->
