<?xml version="1.0" encoding="UTF-8"?>
<!-- Generated by org.testng.reporters.JUnitReportReporter -->
<testsuite skipped="0" hostname="LIN80016387" name="myTestNGpack.TestNGtest4" tests="4" failures="0" timestamp="07 Feb 2019 17:05:56 GMT" time="49.856" errors="0">
  <testcase name="dologin" time="13.289" classname="myTestNGpack.TestNGtest4"/>
  <testcase name="dologin" time="11.976" classname="myTestNGpack.TestNGtest4"/>
  <testcase name="dologin" time="12.710" classname="myTestNGpack.TestNGtest4"/>
  <testcase name="dologin" time="11.881" classname="myTestNGpack.TestNGtest4"/>
</testsuite> <!-- myTestNGpack.TestNGtest4 -->
