<?xml version="1.0" encoding="UTF-8"?>
<!-- Generated by org.testng.reporters.JUnitReportReporter -->
<testsuite skipped="0" hostname="LIN80016387" name="myTestNGpack.Sample010" tests="2" failures="0" timestamp="08 Feb 2019 16:12:17 GMT" time="0.012" errors="0">
  <testcase name="test1" time="0.008" classname="myTestNGpack.Sample010"/>
  <testcase name="test2" time="0.004" classname="myTestNGpack.Sample010"/>
</testsuite> <!-- myTestNGpack.Sample010 -->
