<?xml version="1.0" encoding="UTF-8"?>
<!-- Generated by org.testng.reporters.JUnitReportReporter -->
<testsuite skipped="0" hostname="LIN80016387" name="myTestNGpack.GmailParameterTest" tests="5" failures="0" timestamp="07 Feb 2019 14:54:48 GMT" time="52.851" errors="0">
  <testcase name="dologin" time="9.711" classname="myTestNGpack.GmailParameterTest"/>
  <testcase name="dologin" time="9.531" classname="myTestNGpack.GmailParameterTest"/>
  <testcase name="dologin" time="10.407" classname="myTestNGpack.GmailParameterTest"/>
  <testcase name="dologin" time="10.239" classname="myTestNGpack.GmailParameterTest"/>
  <testcase name="dologin" time="12.963" classname="myTestNGpack.GmailParameterTest"/>
</testsuite> <!-- myTestNGpack.GmailParameterTest -->
