<?xml version="1.0" encoding="UTF-8"?>
<!-- Generated by org.testng.reporters.JUnitReportReporter -->
<testsuite skipped="0" hostname="LIN80016387" name="myTestNGpack.TestNGTest1" tests="1" failures="0" timestamp="25 Feb 2019 07:21:12 GMT" time="15.425" errors="0">
  <testcase name="Launch" time="15.425" classname="myTestNGpack.TestNGTest1"/>
</testsuite> <!-- myTestNGpack.TestNGTest1 -->
