<?xml version="1.0" encoding="UTF-8"?>
<!-- Generated by org.testng.reporters.JUnitReportReporter -->
<testsuite skipped="0" hostname="LIN80016387" name="myTestNGpack.TestNgGroup" tests="4" failures="0" timestamp="08 Feb 2019 16:28:19 GMT" time="0.016" errors="0">
  <testcase name="Method3Test" time="0.000" classname="myTestNGpack.TestNgGroup"/>
  <testcase name="Method1Test" time="0.012" classname="myTestNGpack.TestNgGroup"/>
  <testcase name="Method2Test" time="0.000" classname="myTestNGpack.TestNgGroup"/>
  <testcase name="Method4Test" time="0.004" classname="myTestNGpack.TestNgGroup"/>
</testsuite> <!-- myTestNGpack.TestNgGroup -->
