<?xml version="1.0" encoding="UTF-8"?>
<!-- Generated by org.testng.reporters.JUnitReportReporter -->
<testsuite skipped="0" hostname="LIN80016387" name="myTestNGpack.TestNGTest1" tests="1" failures="0" timestamp="09 Feb 2019 09:40:35 GMT" time="6.112" errors="0">
  <testcase name="Launch" time="6.112" classname="myTestNGpack.TestNGTest1"/>
</testsuite> <!-- myTestNGpack.TestNGTest1 -->
